This is pdfTeX, Version 3.14159265-2.6-1.40.20 (TeX Live 2019/Arch Linux) (preloaded format=pdflatex 2019.11.14)  29 NOV 2019 14:57
entering extended mode
 restricted \write18 enabled.
 file:line:error style messages enabled.
 %&-line parsing enabled.
**\input rsc-articletemplate.tex
(./rsc-articletemplate.tex (/usr/share/texmf-dist/tex/latex/base/article.cls
Document Class: article 2019/08/27 v1.4j Standard LaTeX document class
(/usr/share/texmf-dist/tex/latex/base/size10.clo
File: size10.clo 2019/08/27 v1.4j Standard LaTeX file (size option)
)
\c@part=\count80
\c@section=\count81
\c@subsection=\count82
\c@subsubsection=\count83
\c@paragraph=\count84
\c@subparagraph=\count85
\c@figure=\count86
\c@table=\count87
\abovecaptionskip=\skip41
\belowcaptionskip=\skip42
\bibindent=\dimen102
)
(/usr/share/texmf-dist/tex/latex/extsizes/extsizes.sty
Package: extsizes 1996/10/08 v1.0 Non Standard LaTeX Package


Package ExtSizes Warning: It is better to use one of the extsizes classes,
 if you can.

(/usr/share/texmf-dist/tex/latex/extsizes/size9.clo
File: size9.clo 1999/11/11 v1.4a NON-Standard LaTeX file (size option)
))
(/usr/share/texmf-dist/tex/latex/natbib/natbib.sty
Package: natbib 2010/09/13 8.31b (PWD, AO)
\bibhang=\skip43
\bibsep=\skip44
LaTeX Info: Redefining \cite on input line 694.
\c@NAT@ctr=\count88
)
(/usr/share/texmf-dist/tex/latex/mhchem/mhchem.sty
Package: mhchem 2018/06/22 v4.08 for typesetting chemical formulae

(/usr/share/texmf-dist/tex/latex/l3kernel/expl3.sty
Package: expl3 2019-10-28 L3 programming layer (loader) 

(/usr/share/texmf-dist/tex/latex/l3kernel/expl3-code.tex
Package: expl3 2019-10-28 L3 programming layer (code)
\c_max_int=\count89
\l_tmpa_int=\count90
\l_tmpb_int=\count91
\g_tmpa_int=\count92
\g_tmpb_int=\count93
\l__seq_internal_a_int=\count94
\l__seq_internal_b_int=\count95
\g__kernel_prg_map_int=\count96
\c__ior_term_noprompt_ior=\count97
\c_log_iow=\count98
\l_iow_line_count_int=\count99
\l__iow_line_target_int=\count100
\l__iow_one_indent_int=\count101
\l__iow_indent_int=\count102
\c_zero_dim=\dimen103
\c_max_dim=\dimen104
\l_tmpa_dim=\dimen105
\l_tmpb_dim=\dimen106
\g_tmpa_dim=\dimen107
\g_tmpb_dim=\dimen108
\c_zero_skip=\skip45
\c_max_skip=\skip46
\l_tmpa_skip=\skip47
\l_tmpb_skip=\skip48
\g_tmpa_skip=\skip49
\g_tmpb_skip=\skip50
\c_zero_muskip=\muskip10
\c_max_muskip=\muskip11
\l_tmpa_muskip=\muskip12
\l_tmpb_muskip=\muskip13
\g_tmpa_muskip=\muskip14
\g_tmpb_muskip=\muskip15
\l_keys_choice_int=\count103
\l__intarray_loop_int=\count104
\c__intarray_sp_dim=\dimen109
\g__intarray_font_int=\count105
\c__fp_leading_shift_int=\count106
\c__fp_middle_shift_int=\count107
\c__fp_trailing_shift_int=\count108
\c__fp_big_leading_shift_int=\count109
\c__fp_big_middle_shift_int=\count110
\c__fp_big_trailing_shift_int=\count111
\c__fp_Bigg_leading_shift_int=\count112
\c__fp_Bigg_middle_shift_int=\count113
\c__fp_Bigg_trailing_shift_int=\count114
\c__kernel_randint_max_int=\count115
\g__fp_array_int=\count116
\l__fp_array_loop_int=\count117
\l__sort_length_int=\count118
\l__sort_min_int=\count119
\l__sort_top_int=\count120
\l__sort_max_int=\count121
\l__sort_true_max_int=\count122
\l__sort_block_int=\count123
\l__sort_begin_int=\count124
\l__sort_end_int=\count125
\l__sort_A_int=\count126
\l__sort_B_int=\count127
\l__sort_C_int=\count128
\l__str_internal_int=\count129
\c__str_replacement_char_int=\count130
\l__tl_analysis_normal_int=\count131
\l__tl_analysis_index_int=\count132
\l__tl_analysis_nesting_int=\count133
\l__tl_analysis_type_int=\count134
\l__regex_internal_a_int=\count135
\l__regex_internal_b_int=\count136
\l__regex_internal_c_int=\count137
\l__regex_balance_int=\count138
\l__regex_group_level_int=\count139
\l__regex_mode_int=\count140
\c__regex_cs_in_class_mode_int=\count141
\c__regex_cs_mode_int=\count142
\l__regex_catcodes_int=\count143
\l__regex_default_catcodes_int=\count144
\c__regex_catcode_D_int=\count145
\c__regex_catcode_S_int=\count146
\c__regex_catcode_L_int=\count147
\c__regex_catcode_O_int=\count148
\c__regex_catcode_A_int=\count149
\c__regex_all_catcodes_int=\count150
\l__regex_show_lines_int=\count151
\l__regex_min_state_int=\count152
\l__regex_max_state_int=\count153
\l__regex_left_state_int=\count154
\l__regex_right_state_int=\count155
\l__regex_capturing_group_int=\count156
\l__regex_min_pos_int=\count157
\l__regex_max_pos_int=\count158
\l__regex_curr_pos_int=\count159
\l__regex_start_pos_int=\count160
\l__regex_success_pos_int=\count161
\l__regex_curr_char_int=\count162
\l__regex_curr_catcode_int=\count163
\l__regex_last_char_int=\count164
\l__regex_case_changed_char_int=\count165
\l__regex_curr_state_int=\count166
\l__regex_step_int=\count167
\l__regex_min_active_int=\count168
\l__regex_max_active_int=\count169
\l__regex_replacement_csnames_int=\count170
\l__regex_match_count_int=\count171
\l__regex_min_submatch_int=\count172
\l__regex_submatch_int=\count173
\l__regex_zeroth_submatch_int=\count174
\g__regex_trace_regex_int=\count175
\c_empty_box=\box27
\l_tmpa_box=\box28
\l_tmpb_box=\box29
\g_tmpa_box=\box30
\g_tmpb_box=\box31
\l__box_top_dim=\dimen110
\l__box_bottom_dim=\dimen111
\l__box_left_dim=\dimen112
\l__box_right_dim=\dimen113
\l__box_top_new_dim=\dimen114
\l__box_bottom_new_dim=\dimen115
\l__box_left_new_dim=\dimen116
\l__box_right_new_dim=\dimen117
\l__box_internal_box=\box32
\l__coffin_internal_box=\box33
\l__coffin_internal_dim=\dimen118
\l__coffin_offset_x_dim=\dimen119
\l__coffin_offset_y_dim=\dimen120
\l__coffin_x_dim=\dimen121
\l__coffin_y_dim=\dimen122
\l__coffin_x_prime_dim=\dimen123
\l__coffin_y_prime_dim=\dimen124
\c_empty_coffin=\box34
\l__coffin_aligned_coffin=\box35
\l__coffin_aligned_internal_coffin=\box36
\l_tmpa_coffin=\box37
\l_tmpb_coffin=\box38
\g_tmpa_coffin=\box39
\g_tmpb_coffin=\box40
\l__coffin_bounding_shift_dim=\dimen125
\l__coffin_left_corner_dim=\dimen126
\l__coffin_right_corner_dim=\dimen127
\l__coffin_bottom_corner_dim=\dimen128
\l__coffin_top_corner_dim=\dimen129
\l__coffin_scaled_total_height_dim=\dimen130
\l__coffin_scaled_width_dim=\dimen131
\c__coffin_empty_coffin=\box41
\l__coffin_display_coffin=\box42
\l__coffin_display_coord_coffin=\box43
\l__coffin_display_pole_coffin=\box44
\l__coffin_display_offset_dim=\dimen132
\l__coffin_display_x_dim=\dimen133
\l__coffin_display_y_dim=\dimen134
\g__char_data_ior=\read1

(/usr/share/texmf-dist/tex/latex/l3kernel/l3deprecation.def
File: l3deprecation.def 2019-04-06 v L3 Deprecated functions
))
(/usr/share/texmf-dist/tex/latex/l3backend/l3backend-pdfmode.def
File: l3backend-pdfmode.def 2019-04-06 L3 backend support: PDF mode
\l__kernel_color_stack_int=\count176
\l__pdf_internal_box=\box45
))
(/usr/share/texmf-dist/tex/latex/l3packages/l3keys2e/l3keys2e.sty
Package: l3keys2e 2019-10-11 LaTeX2e option processing using LaTeX3 keys
)
(/usr/share/texmf-dist/tex/latex/tools/calc.sty
Package: calc 2017/05/25 v4.3 Infix arithmetic (KKT,FJ)
\calc@Acount=\count177
\calc@Bcount=\count178
\calc@Adimen=\dimen135
\calc@Bdimen=\dimen136
\calc@Askip=\skip51
\calc@Bskip=\skip52
LaTeX Info: Redefining \setlength on input line 80.
LaTeX Info: Redefining \addtolength on input line 81.
\calc@Ccount=\count179
\calc@Cskip=\skip53
)
(/usr/share/texmf-dist/tex/latex/amsmath/amsmath.sty
Package: amsmath 2019/04/01 v2.17c AMS math features
\@mathmargin=\skip54

For additional information on amsmath, use the `?' option.
(/usr/share/texmf-dist/tex/latex/amsmath/amstext.sty
Package: amstext 2000/06/29 v2.01 AMS text

(/usr/share/texmf-dist/tex/latex/amsmath/amsgen.sty
File: amsgen.sty 1999/11/30 v2.0 generic functions
\@emptytoks=\toks14
\ex@=\dimen137
))
(/usr/share/texmf-dist/tex/latex/amsmath/amsbsy.sty
Package: amsbsy 1999/11/29 v1.2d Bold Symbols
\pmbraise@=\dimen138
)
(/usr/share/texmf-dist/tex/latex/amsmath/amsopn.sty
Package: amsopn 2016/03/08 v2.02 operator names
)
\inf@bad=\count180
LaTeX Info: Redefining \frac on input line 227.
\uproot@=\count181
\leftroot@=\count182
LaTeX Info: Redefining \overline on input line 389.
\classnum@=\count183
\DOTSCASE@=\count184
LaTeX Info: Redefining \ldots on input line 486.
LaTeX Info: Redefining \dots on input line 489.
LaTeX Info: Redefining \cdots on input line 610.
\Mathstrutbox@=\box46
\strutbox@=\box47
\big@size=\dimen139
LaTeX Font Info:    Redeclaring font encoding OML on input line 733.
LaTeX Font Info:    Redeclaring font encoding OMS on input line 734.
\macc@depth=\count185
\c@MaxMatrixCols=\count186
\dotsspace@=\muskip16
\c@parentequation=\count187
\dspbrk@lvl=\count188
\tag@help=\toks15
\row@=\count189
\column@=\count190
\maxfields@=\count191
\andhelp@=\toks16
\eqnshift@=\dimen140
\alignsep@=\dimen141
\tagshift@=\dimen142
\tagwidth@=\dimen143
\totwidth@=\dimen144
\lineht@=\dimen145
\@envbody=\toks17
\multlinegap=\skip55
\multlinetaggap=\skip56
\mathdisplay@stack=\toks18
LaTeX Info: Redefining \[ on input line 2855.
LaTeX Info: Redefining \] on input line 2856.
)
(/usr/share/texmf-dist/tex/latex/chemgreek/chemgreek.sty
(/usr/share/texmf-dist/tex/latex/l3packages/xparse/xparse.sty
Package: xparse 2019-10-11 L3 Experimental document command parser
\l__xparse_current_arg_int=\count192
\g__xparse_grabber_int=\count193
\l__xparse_m_args_int=\count194
\l__xparse_v_nesting_int=\count195
)
Package: chemgreek 2016/12/20 v1.1 interfaceforuprightgreeklettersforuseinchemi
stry (CN)
\l__chemgreek_tmpa_int=\count196
\g__chemgreek_tmpa_int=\count197
)
(/usr/share/texmf-dist/tex/latex/graphics/graphics.sty
Package: graphics 2019/10/08 v1.3c Standard LaTeX Graphics (DPC,SPQR)

(/usr/share/texmf-dist/tex/latex/graphics/trig.sty
Package: trig 2016/01/03 v1.10 sin cos tan (DPC)
)
(/usr/share/texmf-dist/tex/latex/graphics-cfg/graphics.cfg
File: graphics.cfg 2016/06/04 v1.11 sample graphics configuration
)
Package graphics Info: Driver file: pdftex.def on input line 105.

(/usr/share/texmf-dist/tex/latex/graphics-def/pdftex.def
File: pdftex.def 2018/01/08 v1.0l Graphics/color driver for pdftex
))
\l__mhchem_ce_distanceFromLastComma_int=\count198
\__mhchem_arrow_extPgfLength_skip=\skip57
\mhchem@minispace@tmp=\skip58
\mhchem@minibackspace@tmp=\skip59
\mhchem@bondwidth=\skip60
\mhchem@bondheight=\skip61
\mhchem@smallbondwidth@tmpA=\skip62
\mhchem@smallbondwidth@tmpB=\skip63
\mhchem@smallbondwidth=\skip64
\mhchem@bondtmp@minussidebearingleft=\skip65
\mhchem@bondtmp@minussidebearingright=\skip66
\l__mhchem_option_version_int=\count199
\mhchem@option@minusmathsidebearingleft=\dimen146
\mhchem@option@minusmathsidebearingright=\dimen147
\mhchem@option@minustextsidebearingleft=\dimen148
\mhchem@option@minustextsidebearingright=\dimen149
)
(/usr/share/texmf-dist/tex/latex/geometry/geometry.sty
Package: geometry 2018/04/16 v5.8 Page Geometry

(/usr/share/texmf-dist/tex/latex/graphics/keyval.sty
Package: keyval 2014/10/28 v1.15 key=value parser (DPC)
\KV@toks@=\toks19
)
(/usr/share/texmf-dist/tex/generic/oberdiek/ifpdf.sty
Package: ifpdf 2018/09/07 v3.3 Provides the ifpdf switch
)
(/usr/share/texmf-dist/tex/generic/oberdiek/ifvtex.sty
Package: ifvtex 2016/05/16 v1.6 Detect VTeX and its facilities (HO)
Package ifvtex Info: VTeX not detected.
)
(/usr/share/texmf-dist/tex/generic/ifxetex/ifxetex.sty
Package: ifxetex 2010/09/12 v0.6 Provides ifxetex conditional
)
\Gm@cnth=\count266
\Gm@cntv=\count267
\c@Gm@tempcnt=\count268
\Gm@bindingoffset=\dimen150
\Gm@wd@mp=\dimen151
\Gm@odd@mp=\dimen152
\Gm@even@mp=\dimen153
\Gm@layoutwidth=\dimen154
\Gm@layoutheight=\dimen155
\Gm@layouthoffset=\dimen156
\Gm@layoutvoffset=\dimen157
\Gm@dimlist=\toks20
)
(/usr/share/texmf-dist/tex/latex/preprint/balance.sty
Package: balance 1999/02/23 4.3 (PWD)
\oldvsize=\dimen158
)
(/usr/share/texmf-dist/tex/latex/psnfss/times.sty
Package: times 2005/04/12 PSNFSS-v9.2a (SPQR) 
)
(/usr/share/texmf-dist/tex/latex/psnfss/mathptmx.sty
Package: mathptmx 2005/04/12 PSNFSS-v9.2a Times w/ Math, improved (SPQR, WaS) 
LaTeX Font Info:    Redeclaring symbol font `operators' on input line 28.
LaTeX Font Info:    Overwriting symbol font `operators' in version `normal'
(Font)                  OT1/cmr/m/n --> OT1/ztmcm/m/n on input line 28.
LaTeX Font Info:    Overwriting symbol font `operators' in version `bold'
(Font)                  OT1/cmr/bx/n --> OT1/ztmcm/m/n on input line 28.
LaTeX Font Info:    Redeclaring symbol font `letters' on input line 29.
LaTeX Font Info:    Overwriting symbol font `letters' in version `normal'
(Font)                  OML/cmm/m/it --> OML/ztmcm/m/it on input line 29.
LaTeX Font Info:    Overwriting symbol font `letters' in version `bold'
(Font)                  OML/cmm/b/it --> OML/ztmcm/m/it on input line 29.
LaTeX Font Info:    Redeclaring symbol font `symbols' on input line 30.
LaTeX Font Info:    Overwriting symbol font `symbols' in version `normal'
(Font)                  OMS/cmsy/m/n --> OMS/ztmcm/m/n on input line 30.
LaTeX Font Info:    Overwriting symbol font `symbols' in version `bold'
(Font)                  OMS/cmsy/b/n --> OMS/ztmcm/m/n on input line 30.
LaTeX Font Info:    Redeclaring symbol font `largesymbols' on input line 31.
LaTeX Font Info:    Overwriting symbol font `largesymbols' in version `normal'
(Font)                  OMX/cmex/m/n --> OMX/ztmcm/m/n on input line 31.
LaTeX Font Info:    Overwriting symbol font `largesymbols' in version `bold'
(Font)                  OMX/cmex/m/n --> OMX/ztmcm/m/n on input line 31.
\symbold=\mathgroup4
\symitalic=\mathgroup5
LaTeX Font Info:    Redeclaring math alphabet \mathbf on input line 34.
LaTeX Font Info:    Overwriting math alphabet `\mathbf' in version `normal'
(Font)                  OT1/cmr/bx/n --> OT1/ptm/bx/n on input line 34.
LaTeX Font Info:    Overwriting math alphabet `\mathbf' in version `bold'
(Font)                  OT1/cmr/bx/n --> OT1/ptm/bx/n on input line 34.
LaTeX Font Info:    Redeclaring math alphabet \mathit on input line 35.
LaTeX Font Info:    Overwriting math alphabet `\mathit' in version `normal'
(Font)                  OT1/cmr/m/it --> OT1/ptm/m/it on input line 35.
LaTeX Font Info:    Overwriting math alphabet `\mathit' in version `bold'
(Font)                  OT1/cmr/bx/it --> OT1/ptm/m/it on input line 35.
LaTeX Info: Redefining \hbar on input line 50.
)
(/usr/share/texmf-dist/tex/latex/sectsty/sectsty.sty
Package: sectsty 2002/02/25 v2.0.2 Commands to change all sectional heading sty
les


LaTeX Warning: Command \underbar  has changed.
               Check if current package is valid.


LaTeX Warning: Command \underline  has changed.
               Check if current package is valid.

) (/usr/share/texmf-dist/tex/latex/graphics/graphicx.sty
Package: graphicx 2017/06/01 v1.1a Enhanced LaTeX Graphics (DPC,SPQR)
\Gin@req@height=\dimen159
\Gin@req@width=\dimen160
)
(/usr/share/texmf-dist/tex/latex/lastpage/lastpage.sty
Package: lastpage 2015/03/29 v1.2m Refers to last page's name (HMM; JPG)
)
(/usr/share/texmf-dist/tex/latex/caption/caption.sty
Package: caption 2019/09/01 v3.3d Customizing captions (AR)

(/usr/share/texmf-dist/tex/latex/caption/caption3.sty
Package: caption3 2019/09/01 v1.8d caption3 kernel (AR)
Package caption3 Info: TeX engine: e-TeX on input line 64.
\captionmargin=\dimen161
\captionmargin@=\dimen162
\captionwidth=\dimen163
\caption@tempdima=\dimen164
\caption@indent=\dimen165
\caption@parindent=\dimen166
\caption@hangindent=\dimen167
)
\c@caption@flags=\count269
\c@ContinuedFloat=\count270
)
(/usr/share/texmf-dist/tex/latex/float/float.sty
Package: float 2001/11/08 v1.3d Float enhancements (AL)
\c@float@type=\count271
\float@exts=\toks21
\float@box=\box48
\@float@everytoks=\toks22
\@floatcapt=\box49
)
(/usr/share/texmf-dist/tex/latex/fancyhdr/fancyhdr.sty
Package: fancyhdr 2019/01/31 v3.10 Extensive control of page headers and footer
s
\f@nch@headwidth=\skip67
\f@nch@O@elh=\skip68
\f@nch@O@erh=\skip69
\f@nch@O@olh=\skip70
\f@nch@O@orh=\skip71
\f@nch@O@elf=\skip72
\f@nch@O@erf=\skip73
\f@nch@O@olf=\skip74
\f@nch@O@orf=\skip75
)
(/usr/share/texmf-dist/tex/latex/yafoot/fnpos.sty
Package: fnpos 2018/09/03 v1.1 
)
(/usr/share/texmf-dist/tex/latex/siunitx/siunitx.sty
Package: siunitx 2019/10/10 v2.7t A comprehensive (SI) units package

(/usr/share/texmf-dist/tex/latex/tools/array.sty
Package: array 2019/08/31 v2.4l Tabular extension package (FMi)
\col@sep=\dimen168
\ar@mcellbox=\box50
\extrarowheight=\dimen169
\NC@list=\toks23
\extratabsurround=\skip76
\backup@length=\skip77
\ar@cellbox=\box51
)
\l__siunitx_tmp_box=\box52
\l__siunitx_tmp_dim=\dimen170
\l__siunitx_tmp_int=\count272
\l__siunitx_number_mantissa_length_int=\count273
\l__siunitx_number_uncert_length_int=\count274
\l__siunitx_round_int=\count275
\l__siunitx_process_decimal_int=\count276
\l__siunitx_process_uncertainty_int=\count277
\l__siunitx_process_fixed_int=\count278
\l__siunitx_process_integer_min_int=\count279
\l__siunitx_process_precision_int=\count280
\l__siunitx_group_min_int=\count281
\l__siunitx_angle_marker_box=\box53
\l__siunitx_angle_unit_box=\box54
\l__siunitx_angle_marker_dim=\dimen171
\l__siunitx_angle_unit_dim=\dimen172
\l__siunitx_unit_int=\count282
\l__siunitx_unit_denominator_int=\count283
\l__siunitx_unit_numerator_int=\count284
\l__siunitx_unit_prefix_int=\count285
\l__siunitx_unit_prefix_base_int=\count286
\l__siunitx_unit_prefix_gram_int=\count287
\l__siunitx_number_product_int=\count288
\c__siunitx_one_fill_skip=\skip78
\l__siunitx_table_unit_align_skip=\skip79
\l__siunitx_table_exponent_dim=\dimen173
\l__siunitx_table_integer_dim=\dimen174
\l__siunitx_table_mantissa_dim=\dimen175
\l__siunitx_table_marker_dim=\dimen176
\l__siunitx_table_result_dim=\dimen177
\l__siunitx_table_uncert_dim=\dimen178
\l__siunitx_table_fill_pre_dim=\dimen179
\l__siunitx_table_fill_post_dim=\dimen180
\l__siunitx_table_fill_mid_dim=\dimen181
\l__siunitx_table_pre_box=\box55
\l__siunitx_table_post_box=\box56
\l__siunitx_table_mantissa_box=\box57
\l__siunitx_table_result_box=\box58
\l__siunitx_table_number_align_skip=\skip80
\l__siunitx_table_text_align_skip=\skip81

(/usr/share/texmf-dist/tex/latex/translator/translator.sty
Package: translator 2019-05-31 v1.12a Easy translation of strings in LaTeX
))
(/usr/share/texmf-dist/tex/generic/babel/babel.sty
Package: babel 2019/10/15 3.35 The Babel package

(/usr/share/texmf-dist/tex/generic/babel/switch.def
File: switch.def 2019/10/15 3.35 Babel switching mechanism
)
(/usr/share/texmf-dist/tex/generic/babel-english/english.ldf
Language: english 2017/06/06 v3.3r English support from the babel system

(/usr/share/texmf-dist/tex/generic/babel/babel.def
File: babel.def 2019/10/15 3.35 Babel common definitions
\babel@savecnt=\count289
\U@D=\dimen182

(/usr/share/texmf-dist/tex/generic/babel/txtbabel.def)
\bbl@dirlevel=\count290
)
\l@canadian = a dialect from \language\l@american 
\l@australian = a dialect from \language\l@british 
\l@newzealand = a dialect from \language\l@british 
))
(/usr/share/texmf-dist/tex/latex/droid/droidsans.sty
Package: droidsans 2019/06/20 Style file for Droid Sans.

(/usr/share/texmf-dist/tex/generic/oberdiek/ifluatex.sty
Package: ifluatex 2016/05/16 v1.4 Provides the ifluatex switch (HO)
Package ifluatex Info: LuaTeX not detected.
)
(/usr/share/texmf-dist/tex/latex/xkeyval/xkeyval.sty
Package: xkeyval 2014/12/03 v2.7a package option processing (HA)

(/usr/share/texmf-dist/tex/generic/xkeyval/xkeyval.tex
(/usr/share/texmf-dist/tex/generic/xkeyval/xkvutils.tex
\XKV@toks=\toks24
\XKV@tempa@toks=\toks25
)
\XKV@depth=\count291
File: xkeyval.tex 2014/12/03 v2.7a key=value parser (HA)
)))
(/usr/share/texmf-dist/tex/latex/psnfss/charter.sty
Package: charter 2005/04/12 PSNFSS-v9.2a (P.Dyballa) 
)
(/usr/share/texmf-dist/tex/latex/base/fontenc.sty
Package: fontenc 2018/08/11 v2.0j Standard LaTeX package

(/usr/share/texmf-dist/tex/latex/base/t1enc.def
File: t1enc.def 2018/08/11 v2.0j Standard LaTeX file
LaTeX Font Info:    Redeclaring font encoding T1 on input line 48.
))
(/usr/share/texmf-dist/tex/latex/xcolor/xcolor.sty
Package: xcolor 2016/05/11 v2.12 LaTeX color extensions (UK)

(/usr/share/texmf-dist/tex/latex/graphics-cfg/color.cfg
File: color.cfg 2016/01/02 v1.6 sample color configuration
)
Package xcolor Info: Package option `usenames' ignored on input line 216.
Package xcolor Info: Driver file: pdftex.def on input line 225.
Package xcolor Info: Model `cmy' substituted by `cmy0' on input line 1348.
Package xcolor Info: Model `hsb' substituted by `rgb' on input line 1352.
Package xcolor Info: Model `RGB' extended on input line 1364.
Package xcolor Info: Model `HTML' substituted by `rgb' on input line 1366.
Package xcolor Info: Model `Hsb' substituted by `hsb' on input line 1367.
Package xcolor Info: Model `tHsb' substituted by `hsb' on input line 1368.
Package xcolor Info: Model `HSB' substituted by `hsb' on input line 1369.
Package xcolor Info: Model `Gray' substituted by `gray' on input line 1370.
Package xcolor Info: Model `wave' substituted by `hsb' on input line 1371.

(/usr/share/texmf-dist/tex/latex/graphics/dvipsnam.def
File: dvipsnam.def 2016/06/17 v3.0m Driver-dependent file (DPC,SPQR)
))
(/usr/share/texmf-dist/tex/latex/setspace/setspace.sty
Package: setspace 2011/12/19 v6.7a set line spacing
)
(/usr/share/texmf-dist/tex/latex/titlesec/titlesec.sty
Package: titlesec 2019/10/16 v2.13 Sectioning titles
\ttl@box=\box59
\beforetitleunit=\skip82
\aftertitleunit=\skip83
\ttl@plus=\dimen183
\ttl@minus=\dimen184
\ttl@toksa=\toks26
\titlewidth=\dimen185
\titlewidthlast=\dimen186
\titlewidthfirst=\dimen187
)
(/usr/share/texmf-dist/tex/latex/hyperref/hyperref.sty
Package: hyperref 2019/09/28 v7.00a Hypertext links for LaTeX

(/usr/share/texmf-dist/tex/generic/oberdiek/hobsub-hyperref.sty
Package: hobsub-hyperref 2016/05/16 v1.14 Bundle oberdiek, subset hyperref (HO)


(/usr/share/texmf-dist/tex/generic/oberdiek/hobsub-generic.sty
Package: hobsub-generic 2016/05/16 v1.14 Bundle oberdiek, subset generic (HO)
Package: hobsub 2016/05/16 v1.14 Construct package bundles (HO)
Package: infwarerr 2016/05/16 v1.4 Providing info/warning/error messages (HO)
Package: ltxcmds 2016/05/16 v1.23 LaTeX kernel commands for general use (HO)
Package hobsub Info: Skipping package `ifluatex' (already loaded).
Package hobsub Info: Skipping package `ifvtex' (already loaded).
Package: intcalc 2016/05/16 v1.2 Expandable calculations with integers (HO)
Package hobsub Info: Skipping package `ifpdf' (already loaded).
Package: etexcmds 2016/05/16 v1.6 Avoid name clashes with e-TeX commands (HO)
Package: kvsetkeys 2016/05/16 v1.17 Key value parser (HO)
Package: kvdefinekeys 2016/05/16 v1.4 Define keys (HO)
Package: pdftexcmds 2019/07/25 v0.30 Utility functions of pdfTeX for LuaTeX (HO
)
Package pdftexcmds Info: LuaTeX not detected.
Package pdftexcmds Info: \pdf@primitive is available.
Package pdftexcmds Info: \pdf@ifprimitive is available.
Package pdftexcmds Info: \pdfdraftmode found.
Package: pdfescape 2016/05/16 v1.14 Implements pdfTeX's escape features (HO)
Package: bigintcalc 2016/05/16 v1.4 Expandable calculations on big integers (HO
)
Package: bitset 2016/05/16 v1.2 Handle bit-vector datatype (HO)
Package: uniquecounter 2016/05/16 v1.3 Provide unlimited unique counter (HO)
)
Package hobsub Info: Skipping package `hobsub' (already loaded).
Package: letltxmacro 2016/05/16 v1.5 Let assignment for LaTeX macros (HO)
Package: hopatch 2016/05/16 v1.3 Wrapper for package hooks (HO)
Package: xcolor-patch 2016/05/16 xcolor patch
Package: atveryend 2016/05/16 v1.9 Hooks at the very end of document (HO)
Package atveryend Info: \enddocument detected (standard20110627).
Package: atbegshi 2016/06/09 v1.18 At begin shipout hook (HO)
Package: refcount 2016/05/16 v3.5 Data extraction from label references (HO)
Package: hycolor 2016/05/16 v1.8 Color options for hyperref/bookmark (HO)
)
(/usr/share/texmf-dist/tex/latex/oberdiek/auxhook.sty
Package: auxhook 2016/05/16 v1.4 Hooks for auxiliary files (HO)
)
(/usr/share/texmf-dist/tex/latex/oberdiek/kvoptions.sty
Package: kvoptions 2016/05/16 v3.12 Key value format for package options (HO)
)
\@linkdim=\dimen188
\Hy@linkcounter=\count292
\Hy@pagecounter=\count293

(/usr/share/texmf-dist/tex/latex/hyperref/pd1enc.def
File: pd1enc.def 2019/09/28 v7.00a Hyperref: PDFDocEncoding definition (HO)
Now handling font encoding PD1 ...
... no UTF-8 mapping file for font encoding PD1
)
\Hy@SavedSpaceFactor=\count294

(/usr/share/texmf-dist/tex/latex/latexconfig/hyperref.cfg
File: hyperref.cfg 2002/06/06 v1.2 hyperref configuration of TeXLive
)
Package hyperref Info: Hyper figures OFF on input line 4540.
Package hyperref Info: Link nesting OFF on input line 4545.
Package hyperref Info: Hyper index ON on input line 4548.
Package hyperref Info: Plain pages OFF on input line 4555.
Package hyperref Info: Backreferencing OFF on input line 4560.
Package hyperref Info: Implicit mode ON; LaTeX internals redefined.
Package hyperref Info: Bookmarks ON on input line 4793.
\c@Hy@tempcnt=\count295

(/usr/share/texmf-dist/tex/latex/url/url.sty
\Urlmuskip=\muskip17
Package: url 2013/09/16  ver 3.4  Verb mode for urls, etc.
)
LaTeX Info: Redefining \url on input line 5152.
\XeTeXLinkMargin=\dimen189
\Fld@menulength=\count296
\Field@Width=\dimen190
\Fld@charsize=\dimen191
Package hyperref Info: Hyper figures OFF on input line 6423.
Package hyperref Info: Link nesting OFF on input line 6428.
Package hyperref Info: Hyper index ON on input line 6431.
Package hyperref Info: backreferencing OFF on input line 6438.
Package hyperref Info: Link coloring OFF on input line 6443.
Package hyperref Info: Link coloring with OCG OFF on input line 6448.
Package hyperref Info: PDF/A mode OFF on input line 6453.
LaTeX Info: Redefining \ref on input line 6493.
LaTeX Info: Redefining \pageref on input line 6497.
\Hy@abspage=\count297
\c@Item=\count298
\c@Hfootnote=\count299
)
Package hyperref Info: Driver (autodetected): hpdftex.

(/usr/share/texmf-dist/tex/latex/hyperref/hpdftex.def
File: hpdftex.def 2019/09/28 v7.00a Hyperref driver for pdfTeX
\Fld@listcount=\count300
\c@bookmark@seq@number=\count301

(/usr/share/texmf-dist/tex/latex/oberdiek/rerunfilecheck.sty
Package: rerunfilecheck 2016/05/16 v1.8 Rerun checks for auxiliary files (HO)
Package uniquecounter Info: New unique counter `rerunfilecheck' on input line 2
82.
)
\Hy@SectionHShift=\skip84
)
(/usr/share/texmf-dist/tex/latex/todonotes/todonotes.sty
Package: todonotes 2019/01/24 v1.1.2 Todonotes source and documentation.
Package: todonotes 2018/11/22

(/usr/share/texmf-dist/tex/latex/base/ifthen.sty
Package: ifthen 2014/09/29 v1.1c Standard LaTeX ifthen package (DPC)
)
(/usr/share/texmf-dist/tex/latex/pgf/frontendlayer/tikz.sty
(/usr/share/texmf-dist/tex/latex/pgf/basiclayer/pgf.sty
(/usr/share/texmf-dist/tex/latex/pgf/utilities/pgfrcs.sty
(/usr/share/texmf-dist/tex/generic/pgf/utilities/pgfutil-common.tex
\pgfutil@everybye=\toks27
\pgfutil@tempdima=\dimen192
\pgfutil@tempdimb=\dimen193

(/usr/share/texmf-dist/tex/generic/pgf/utilities/pgfutil-common-lists.tex))
(/usr/share/texmf-dist/tex/generic/pgf/utilities/pgfutil-latex.def
\pgfutil@abb=\box60

(/usr/share/texmf-dist/tex/latex/ms/everyshi.sty
Package: everyshi 2001/05/15 v3.00 EveryShipout Package (MS)
))
(/usr/share/texmf-dist/tex/generic/pgf/utilities/pgfrcs.code.tex
(/usr/share/texmf-dist/tex/generic/pgf/pgf.revision.tex)
Package: pgfrcs 2019/08/03 v3.1.4b (3.1.4b)
))
Package: pgf 2019/08/03 v3.1.4b (3.1.4b)

(/usr/share/texmf-dist/tex/latex/pgf/basiclayer/pgfcore.sty
(/usr/share/texmf-dist/tex/latex/pgf/systemlayer/pgfsys.sty
(/usr/share/texmf-dist/tex/generic/pgf/systemlayer/pgfsys.code.tex
Package: pgfsys 2019/08/03 v3.1.4b (3.1.4b)

(/usr/share/texmf-dist/tex/generic/pgf/utilities/pgfkeys.code.tex
\pgfkeys@pathtoks=\toks28
\pgfkeys@temptoks=\toks29

(/usr/share/texmf-dist/tex/generic/pgf/utilities/pgfkeysfiltered.code.tex
\pgfkeys@tmptoks=\toks30
))
\pgf@x=\dimen194
\pgf@y=\dimen195
\pgf@xa=\dimen196
\pgf@ya=\dimen197
\pgf@xb=\dimen198
\pgf@yb=\dimen199
\pgf@xc=\dimen256
\pgf@yc=\dimen257
\pgf@xd=\dimen258
\pgf@yd=\dimen259
\w@pgf@writea=\write3
\r@pgf@reada=\read2
\c@pgf@counta=\count302
\c@pgf@countb=\count303
\c@pgf@countc=\count304
\c@pgf@countd=\count305
\t@pgf@toka=\toks31
\t@pgf@tokb=\toks32
\t@pgf@tokc=\toks33
\pgf@sys@id@count=\count306

(/usr/share/texmf-dist/tex/generic/pgf/systemlayer/pgf.cfg
File: pgf.cfg 2019/08/03 v3.1.4b (3.1.4b)
)
Driver file for pgf: pgfsys-pdftex.def

(/usr/share/texmf-dist/tex/generic/pgf/systemlayer/pgfsys-pdftex.def
File: pgfsys-pdftex.def 2019/08/03 v3.1.4b (3.1.4b)

(/usr/share/texmf-dist/tex/generic/pgf/systemlayer/pgfsys-common-pdf.def
File: pgfsys-common-pdf.def 2019/08/03 v3.1.4b (3.1.4b)
)))
(/usr/share/texmf-dist/tex/generic/pgf/systemlayer/pgfsyssoftpath.code.tex
File: pgfsyssoftpath.code.tex 2019/08/03 v3.1.4b (3.1.4b)
\pgfsyssoftpath@smallbuffer@items=\count307
\pgfsyssoftpath@bigbuffer@items=\count308
)
(/usr/share/texmf-dist/tex/generic/pgf/systemlayer/pgfsysprotocol.code.tex
File: pgfsysprotocol.code.tex 2019/08/03 v3.1.4b (3.1.4b)
))
(/usr/share/texmf-dist/tex/generic/pgf/basiclayer/pgfcore.code.tex
Package: pgfcore 2019/08/03 v3.1.4b (3.1.4b)

(/usr/share/texmf-dist/tex/generic/pgf/math/pgfmath.code.tex
(/usr/share/texmf-dist/tex/generic/pgf/math/pgfmathcalc.code.tex
(/usr/share/texmf-dist/tex/generic/pgf/math/pgfmathutil.code.tex)
(/usr/share/texmf-dist/tex/generic/pgf/math/pgfmathparser.code.tex
\pgfmath@dimen=\dimen260
\pgfmath@count=\count309
\pgfmath@box=\box61
\pgfmath@toks=\toks34
\pgfmath@stack@operand=\toks35
\pgfmath@stack@operation=\toks36
)
(/usr/share/texmf-dist/tex/generic/pgf/math/pgfmathfunctions.code.tex
(/usr/share/texmf-dist/tex/generic/pgf/math/pgfmathfunctions.basic.code.tex)
(/usr/share/texmf-dist/tex/generic/pgf/math/pgfmathfunctions.trigonometric.code
.tex)
(/usr/share/texmf-dist/tex/generic/pgf/math/pgfmathfunctions.random.code.tex)
(/usr/share/texmf-dist/tex/generic/pgf/math/pgfmathfunctions.comparison.code.te
x) (/usr/share/texmf-dist/tex/generic/pgf/math/pgfmathfunctions.base.code.tex)
(/usr/share/texmf-dist/tex/generic/pgf/math/pgfmathfunctions.round.code.tex)
(/usr/share/texmf-dist/tex/generic/pgf/math/pgfmathfunctions.misc.code.tex)
(/usr/share/texmf-dist/tex/generic/pgf/math/pgfmathfunctions.integerarithmetics
.code.tex))) (/usr/share/texmf-dist/tex/generic/pgf/math/pgfmathfloat.code.tex
\c@pgfmathroundto@lastzeros=\count310
)) (/usr/share/texmf-dist/tex/generic/pgf/math/pgfint.code.tex)
(/usr/share/texmf-dist/tex/generic/pgf/basiclayer/pgfcorepoints.code.tex
File: pgfcorepoints.code.tex 2019/08/03 v3.1.4b (3.1.4b)
\pgf@picminx=\dimen261
\pgf@picmaxx=\dimen262
\pgf@picminy=\dimen263
\pgf@picmaxy=\dimen264
\pgf@pathminx=\dimen265
\pgf@pathmaxx=\dimen266
\pgf@pathminy=\dimen267
\pgf@pathmaxy=\dimen268
\pgf@xx=\dimen269
\pgf@xy=\dimen270
\pgf@yx=\dimen271
\pgf@yy=\dimen272
\pgf@zx=\dimen273
\pgf@zy=\dimen274
)
(/usr/share/texmf-dist/tex/generic/pgf/basiclayer/pgfcorepathconstruct.code.tex
File: pgfcorepathconstruct.code.tex 2019/08/03 v3.1.4b (3.1.4b)
\pgf@path@lastx=\dimen275
\pgf@path@lasty=\dimen276
) (/usr/share/texmf-dist/tex/generic/pgf/basiclayer/pgfcorepathusage.code.tex
File: pgfcorepathusage.code.tex 2019/08/03 v3.1.4b (3.1.4b)
\pgf@shorten@end@additional=\dimen277
\pgf@shorten@start@additional=\dimen278
)
(/usr/share/texmf-dist/tex/generic/pgf/basiclayer/pgfcorescopes.code.tex
File: pgfcorescopes.code.tex 2019/08/03 v3.1.4b (3.1.4b)
\pgfpic=\box62
\pgf@hbox=\box63
\pgf@layerbox@main=\box64
\pgf@picture@serial@count=\count311
)
(/usr/share/texmf-dist/tex/generic/pgf/basiclayer/pgfcoregraphicstate.code.tex
File: pgfcoregraphicstate.code.tex 2019/08/03 v3.1.4b (3.1.4b)
\pgflinewidth=\dimen279
)
(/usr/share/texmf-dist/tex/generic/pgf/basiclayer/pgfcoretransformations.code.t
ex
File: pgfcoretransformations.code.tex 2019/08/03 v3.1.4b (3.1.4b)
\pgf@pt@x=\dimen280
\pgf@pt@y=\dimen281
\pgf@pt@temp=\dimen282
) (/usr/share/texmf-dist/tex/generic/pgf/basiclayer/pgfcorequick.code.tex
File: pgfcorequick.code.tex 2019/08/03 v3.1.4b (3.1.4b)
)
(/usr/share/texmf-dist/tex/generic/pgf/basiclayer/pgfcoreobjects.code.tex
File: pgfcoreobjects.code.tex 2019/08/03 v3.1.4b (3.1.4b)
)
(/usr/share/texmf-dist/tex/generic/pgf/basiclayer/pgfcorepathprocessing.code.te
x
File: pgfcorepathprocessing.code.tex 2019/08/03 v3.1.4b (3.1.4b)
) (/usr/share/texmf-dist/tex/generic/pgf/basiclayer/pgfcorearrows.code.tex
File: pgfcorearrows.code.tex 2019/08/03 v3.1.4b (3.1.4b)
\pgfarrowsep=\dimen283
)
(/usr/share/texmf-dist/tex/generic/pgf/basiclayer/pgfcoreshade.code.tex
File: pgfcoreshade.code.tex 2019/08/03 v3.1.4b (3.1.4b)
\pgf@max=\dimen284
\pgf@sys@shading@range@num=\count312
\pgf@shadingcount=\count313
)
(/usr/share/texmf-dist/tex/generic/pgf/basiclayer/pgfcoreimage.code.tex
File: pgfcoreimage.code.tex 2019/08/03 v3.1.4b (3.1.4b)

(/usr/share/texmf-dist/tex/generic/pgf/basiclayer/pgfcoreexternal.code.tex
File: pgfcoreexternal.code.tex 2019/08/03 v3.1.4b (3.1.4b)
\pgfexternal@startupbox=\box65
))
(/usr/share/texmf-dist/tex/generic/pgf/basiclayer/pgfcorelayers.code.tex
File: pgfcorelayers.code.tex 2019/08/03 v3.1.4b (3.1.4b)
)
(/usr/share/texmf-dist/tex/generic/pgf/basiclayer/pgfcoretransparency.code.tex
File: pgfcoretransparency.code.tex 2019/08/03 v3.1.4b (3.1.4b)
) (/usr/share/texmf-dist/tex/generic/pgf/basiclayer/pgfcorepatterns.code.tex
File: pgfcorepatterns.code.tex 2019/08/03 v3.1.4b (3.1.4b)
)
(/usr/share/texmf-dist/tex/generic/pgf/basiclayer/pgfcorerdf.code.tex
File: pgfcorerdf.code.tex 2019/08/03 v3.1.4b (3.1.4b)
)))
(/usr/share/texmf-dist/tex/generic/pgf/modules/pgfmoduleshapes.code.tex
File: pgfmoduleshapes.code.tex 2019/08/03 v3.1.4b (3.1.4b)
\pgfnodeparttextbox=\box66
)
(/usr/share/texmf-dist/tex/generic/pgf/modules/pgfmoduleplot.code.tex
File: pgfmoduleplot.code.tex 2019/08/03 v3.1.4b (3.1.4b)
)
(/usr/share/texmf-dist/tex/latex/pgf/compatibility/pgfcomp-version-0-65.sty
Package: pgfcomp-version-0-65 2019/08/03 v3.1.4b (3.1.4b)
\pgf@nodesepstart=\dimen285
\pgf@nodesepend=\dimen286
)
(/usr/share/texmf-dist/tex/latex/pgf/compatibility/pgfcomp-version-1-18.sty
Package: pgfcomp-version-1-18 2019/08/03 v3.1.4b (3.1.4b)
))
(/usr/share/texmf-dist/tex/latex/pgf/utilities/pgffor.sty
(/usr/share/texmf-dist/tex/latex/pgf/utilities/pgfkeys.sty
(/usr/share/texmf-dist/tex/generic/pgf/utilities/pgfkeys.code.tex))
(/usr/share/texmf-dist/tex/latex/pgf/math/pgfmath.sty
(/usr/share/texmf-dist/tex/generic/pgf/math/pgfmath.code.tex))
(/usr/share/texmf-dist/tex/generic/pgf/utilities/pgffor.code.tex
Package: pgffor 2019/08/03 v3.1.4b (3.1.4b)

(/usr/share/texmf-dist/tex/generic/pgf/math/pgfmath.code.tex)
\pgffor@iter=\dimen287
\pgffor@skip=\dimen288
\pgffor@stack=\toks37
\pgffor@toks=\toks38
))
(/usr/share/texmf-dist/tex/generic/pgf/frontendlayer/tikz/tikz.code.tex
Package: tikz 2019/08/03 v3.1.4b (3.1.4b)

(/usr/share/texmf-dist/tex/generic/pgf/libraries/pgflibraryplothandlers.code.te
x
File: pgflibraryplothandlers.code.tex 2019/08/03 v3.1.4b (3.1.4b)
\pgf@plot@mark@count=\count314
\pgfplotmarksize=\dimen289
)
\tikz@lastx=\dimen290
\tikz@lasty=\dimen291
\tikz@lastxsaved=\dimen292
\tikz@lastysaved=\dimen293
\tikz@lastmovetox=\dimen294
\tikz@lastmovetoy=\dimen295
\tikzleveldistance=\dimen296
\tikzsiblingdistance=\dimen297
\tikz@figbox=\box67
\tikz@figbox@bg=\box68
\tikz@tempbox=\box69
\tikz@tempbox@bg=\box70
\tikztreelevel=\count315
\tikznumberofchildren=\count316
\tikznumberofcurrentchild=\count317
\tikz@fig@count=\count318
 (/usr/share/texmf-dist/tex/generic/pgf/modules/pgfmodulematrix.code.tex
File: pgfmodulematrix.code.tex 2019/08/03 v3.1.4b (3.1.4b)
\pgfmatrixcurrentrow=\count319
\pgfmatrixcurrentcolumn=\count320
\pgf@matrix@numberofcolumns=\count321
)
\tikz@expandcount=\count322

(/usr/share/texmf-dist/tex/generic/pgf/frontendlayer/tikz/libraries/tikzlibrary
topaths.code.tex
File: tikzlibrarytopaths.code.tex 2019/08/03 v3.1.4b (3.1.4b)
)))
(/usr/share/texmf-dist/tex/generic/pgf/frontendlayer/tikz/libraries/tikzlibrary
positioning.code.tex
File: tikzlibrarypositioning.code.tex 2019/08/03 v3.1.4b (3.1.4b)
)
(/usr/share/texmf-dist/tex/generic/pgf/frontendlayer/tikz/libraries/tikzlibrary
shadows.code.tex
File: tikzlibraryshadows.code.tex 2019/08/03 v3.1.4b (3.1.4b)

(/usr/share/texmf-dist/tex/generic/pgf/frontendlayer/tikz/libraries/tikzlibrary
fadings.code.tex
File: tikzlibraryfadings.code.tex 2019/08/03 v3.1.4b (3.1.4b)

(/usr/share/texmf-dist/tex/generic/pgf/libraries/pgflibraryfadings.code.tex
File: pgflibraryfadings.code.tex 2019/08/03 v3.1.4b (3.1.4b)
)))
\c@@todonotes@numberoftodonotes=\count323
) (/usr/share/texmf-dist/tex/latex/oberdiek/epstopdf.sty
Package: epstopdf 2016/05/15 v2.6 Conversion with epstopdf on the fly (HO)

(/usr/share/texmf-dist/tex/latex/oberdiek/epstopdf-base.sty
Package: epstopdf-base 2016/05/15 v2.6 Base part for package epstopdf

(/usr/share/texmf-dist/tex/latex/oberdiek/grfext.sty
Package: grfext 2016/05/16 v1.2 Manage graphics extensions (HO)
)
Package epstopdf-base Info: Redefining graphics rule for `.eps' on input line 4
38.
Package grfext Info: Graphics extension search list:
(grfext)             [.pdf,.png,.jpg,.mps,.jpeg,.jbig2,.jb2,.PDF,.PNG,.JPG,.JPE
G,.JBIG2,.JB2,.eps]
(grfext)             \AppendGraphicsExtensions on input line 456.

(/usr/share/texmf-dist/tex/latex/latexconfig/epstopdf-sys.cfg
File: epstopdf-sys.cfg 2010/07/13 v1.3 Configuration of (r)epstopdf for TeX Liv
e
)))
(./rsc-articletemplate.aux)
\openout1 = `rsc-articletemplate.aux'.

LaTeX Font Info:    Checking defaults for OML/cmm/m/it on input line 41.
LaTeX Font Info:    ... okay on input line 41.
LaTeX Font Info:    Checking defaults for T1/cmr/m/n on input line 41.
LaTeX Font Info:    ... okay on input line 41.
LaTeX Font Info:    Checking defaults for OT1/cmr/m/n on input line 41.
LaTeX Font Info:    ... okay on input line 41.
LaTeX Font Info:    Checking defaults for OMS/cmsy/m/n on input line 41.
LaTeX Font Info:    ... okay on input line 41.
LaTeX Font Info:    Checking defaults for OMX/cmex/m/n on input line 41.
LaTeX Font Info:    ... okay on input line 41.
LaTeX Font Info:    Checking defaults for U/cmr/m/n on input line 41.
LaTeX Font Info:    ... okay on input line 41.
LaTeX Font Info:    Checking defaults for PD1/pdf/m/n on input line 41.
LaTeX Font Info:    ... okay on input line 41.
LaTeX Font Info:    Trying to load font information for T1+bch on input line 41
.
 (/usr/share/texmf-dist/tex/latex/psnfss/t1bch.fd
File: t1bch.fd 2004/10/18 font definitions for T1/bch.
)

Package chemgreek Info: Activating mapping `default' on line 41.


(/usr/share/texmf-dist/tex/context/base/mkii/supp-pdf.mkii
[Loading MPS to PDF converter (version 2006.09.02).]
\scratchcounter=\count324
\scratchdimen=\dimen298
\scratchbox=\box71
\nofMPsegments=\count325
\nofMParguments=\count326
\everyMPshowfont=\toks39
\MPscratchCnt=\count327
\MPscratchDim=\dimen299
\MPnumerator=\count328
\makeMPintoPDFobject=\count329
\everyMPtoPDFconversion=\toks40
)
*geometry* driver: auto-detecting
*geometry* detected driver: pdftex
*geometry* verbose mode - [ preamble ] result:
* driver: pdftex
* paper: <default>
* layout: <same size as paper>
* layoutoffset:(h,v)=(0.0pt,0.0pt)
* modes: 
* h-part:(L,W,R)=(42.67912pt, 528.93675pt, 42.67912pt)
* v-part:(T,H,B)=(50.78827pt, 687.27621pt, 56.9055pt)
* \paperwidth=614.295pt
* \paperheight=794.96999pt
* \textwidth=528.93675pt
* \textheight=687.27621pt
* \oddsidemargin=-29.59087pt
* \evensidemargin=-29.59087pt
* \topmargin=-58.48172pt
* \headheight=12.0pt
* \headsep=25.0pt
* \topskip=9.0pt
* \footskip=30.0pt
* \marginparwidth=74.0pt
* \marginparsep=10.0pt
* \columnsep=10.0pt
* \skip\footins=8.0pt plus 4.0pt minus 2.0pt
* \hoffset=0.0pt
* \voffset=0.0pt
* \mag=1000
* \@twocolumnfalse
* \@twosidefalse
* \@mparswitchfalse
* \@reversemarginfalse
* (1in=72.27pt=25.4mm, 1cm=28.453pt)

Package lastpage Info: Please have a look at the pageslts package at
(lastpage)             https://www.ctan.org/pkg/pageslts
(lastpage)             ! on input line 41.
Package caption Info: Begin \AtBeginDocument code.
Package caption Info: float package is loaded.
Package caption Info: hyperref package is loaded.
Package caption Info: End \AtBeginDocument code.
Now handling font encoding TS1 ...
... processing UTF-8 mapping file for font encoding TS1
(/usr/share/texmf-dist/tex/latex/base/ts1enc.dfu
File: ts1enc.dfu 2019/07/11 v1.2j UTF-8 support for inputenc
   defining Unicode char U+00A2 (decimal 162)
   defining Unicode char U+00A3 (decimal 163)
   defining Unicode char U+00A4 (decimal 164)
   defining Unicode char U+00A5 (decimal 165)
   defining Unicode char U+00A6 (decimal 166)
   defining Unicode char U+00A7 (decimal 167)
   defining Unicode char U+00A8 (decimal 168)
   defining Unicode char U+00A9 (decimal 169)
   defining Unicode char U+00AA (decimal 170)
   defining Unicode char U+00AC (decimal 172)
   defining Unicode char U+00AE (decimal 174)
   defining Unicode char U+00AF (decimal 175)
   defining Unicode char U+00B0 (decimal 176)
   defining Unicode char U+00B1 (decimal 177)
   defining Unicode char U+00B2 (decimal 178)
   defining Unicode char U+00B3 (decimal 179)
   defining Unicode char U+00B4 (decimal 180)
   defining Unicode char U+00B5 (decimal 181)
   defining Unicode char U+00B6 (decimal 182)
   defining Unicode char U+00B7 (decimal 183)
   defining Unicode char U+00B9 (decimal 185)
   defining Unicode char U+00BA (decimal 186)
   defining Unicode char U+00BC (decimal 188)
   defining Unicode char U+00BD (decimal 189)
   defining Unicode char U+00BE (decimal 190)
   defining Unicode char U+00D7 (decimal 215)
   defining Unicode char U+00F7 (decimal 247)
   defining Unicode char U+0192 (decimal 402)
   defining Unicode char U+02C7 (decimal 711)
   defining Unicode char U+02D8 (decimal 728)
   defining Unicode char U+02DD (decimal 733)
   defining Unicode char U+0E3F (decimal 3647)
   defining Unicode char U+2016 (decimal 8214)
   defining Unicode char U+2020 (decimal 8224)
   defining Unicode char U+2021 (decimal 8225)
   defining Unicode char U+2022 (decimal 8226)
   defining Unicode char U+2030 (decimal 8240)
   defining Unicode char U+2031 (decimal 8241)
   defining Unicode char U+203B (decimal 8251)
   defining Unicode char U+203D (decimal 8253)
   defining Unicode char U+2044 (decimal 8260)
   defining Unicode char U+204E (decimal 8270)
   defining Unicode char U+2052 (decimal 8274)
   defining Unicode char U+20A1 (decimal 8353)
   defining Unicode char U+20A4 (decimal 8356)
   defining Unicode char U+20A6 (decimal 8358)
   defining Unicode char U+20A9 (decimal 8361)
   defining Unicode char U+20AB (decimal 8363)
   defining Unicode char U+20AC (decimal 8364)
   defining Unicode char U+20B1 (decimal 8369)
   defining Unicode char U+2103 (decimal 8451)
   defining Unicode char U+2116 (decimal 8470)
   defining Unicode char U+2117 (decimal 8471)
   defining Unicode char U+211E (decimal 8478)
   defining Unicode char U+2120 (decimal 8480)
   defining Unicode char U+2122 (decimal 8482)
   defining Unicode char U+2126 (decimal 8486)
   defining Unicode char U+2127 (decimal 8487)
   defining Unicode char U+212E (decimal 8494)
   defining Unicode char U+2190 (decimal 8592)
   defining Unicode char U+2191 (decimal 8593)
   defining Unicode char U+2192 (decimal 8594)
   defining Unicode char U+2193 (decimal 8595)
   defining Unicode char U+2329 (decimal 9001)
   defining Unicode char U+232A (decimal 9002)
   defining Unicode char U+2422 (decimal 9250)
   defining Unicode char U+25E6 (decimal 9702)
   defining Unicode char U+25EF (decimal 9711)
   defining Unicode char U+266A (decimal 9834)
   defining Unicode char U+27E8 (decimal 10216)
   defining Unicode char U+27E9 (decimal 10217)
   defining Unicode char U+FEFF (decimal 65279)
)
(/usr/share/texmf-dist/tex/latex/translator/translator-basic-dictionary-English
.dict
Dictionary: translator-basic-dictionary, Language: English 
) (/usr/share/texmf-dist/tex/latex/siunitx/siunitx-abbreviations.cfg
File: siunitx-abbreviations.cfg 2017/11/26 v2.7k siunitx: Abbreviated units
)
\AtBeginShipoutBox=\box72
Package hyperref Info: Link coloring OFF on input line 41.

(/usr/share/texmf-dist/tex/latex/hyperref/nameref.sty
Package: nameref 2019/09/16 v2.46 Cross-referencing by name of section

(/usr/share/texmf-dist/tex/generic/oberdiek/gettitlestring.sty
Package: gettitlestring 2016/05/16 v1.5 Cleanup title references (HO)
)
\c@section@level=\count330
)
LaTeX Info: Redefining \ref on input line 41.
LaTeX Info: Redefining \pageref on input line 41.
LaTeX Info: Redefining \nameref on input line 41.

(./rsc-articletemplate.out) (./rsc-articletemplate.out)
\@outlinefile=\write4
\openout4 = `rsc-articletemplate.out'.


ABD: EveryShipout initializing macros
LaTeX Font Info:    Trying to load font information for OT1+ztmcm on input line
 41.

(/usr/share/texmf-dist/tex/latex/psnfss/ot1ztmcm.fd
File: ot1ztmcm.fd 2000/01/03 Fontinst v1.801 font definitions for OT1/ztmcm.
)
LaTeX Font Info:    Trying to load font information for OML+ztmcm on input line
 41.

(/usr/share/texmf-dist/tex/latex/psnfss/omlztmcm.fd
File: omlztmcm.fd 2000/01/03 Fontinst v1.801 font definitions for OML/ztmcm.
)
LaTeX Font Info:    Trying to load font information for OMS+ztmcm on input line
 41.

(/usr/share/texmf-dist/tex/latex/psnfss/omsztmcm.fd
File: omsztmcm.fd 2000/01/03 Fontinst v1.801 font definitions for OMS/ztmcm.
)
LaTeX Font Info:    Trying to load font information for OMX+ztmcm on input line
 41.

(/usr/share/texmf-dist/tex/latex/psnfss/omxztmcm.fd
File: omxztmcm.fd 2000/01/03 Fontinst v1.801 font definitions for OMX/ztmcm.
)
LaTeX Font Info:    Trying to load font information for OT1+ptm on input line 4
1.

(/usr/share/texmf-dist/tex/latex/psnfss/ot1ptm.fd
File: ot1ptm.fd 2001/06/04 font definitions for OT1/ptm.
)
LaTeX Font Info:    Font shape `OT1/ptm/bx/n' in size <9> not available
(Font)              Font shape `OT1/ptm/b/n' tried instead on input line 41.
LaTeX Font Info:    Font shape `OT1/ptm/bx/n' in size <7> not available
(Font)              Font shape `OT1/ptm/b/n' tried instead on input line 41.
LaTeX Font Info:    Font shape `OT1/ptm/bx/n' in size <5> not available
(Font)              Font shape `OT1/ptm/b/n' tried instead on input line 41.


Package Fancyhdr Warning: \fancyfoot's `E' option without twoside option is use
less on input line 88.


Package Fancyhdr Warning: \fancyfoot's `E' option without twoside option is use
less on input line 90.


Package Fancyhdr Warning: \fancyfoot's `E' option without twoside option is use
less on input line 92.

\figrulesep=\skip85
LaTeX Font Info:    Trying to load font information for T1+phv on input line 14
6.
(/usr/share/texmf-dist/tex/latex/psnfss/t1phv.fd
File: t1phv.fd 2001/06/04 scalable font definitions for T1/phv.
)
<head_foot/DOI.pdf, id=59, 118.041pt x 9.8769pt>
File: head_foot/DOI.pdf Graphic file (type pdf)
<use head_foot/DOI.pdf>
Package pdftex.def Info: head_foot/DOI.pdf  used on input line 146.
(pdftex.def)             Requested size: 118.0407pt x 9.87688pt.
LaTeX Font Info:    Calculating math sizes for size <15> on input line 146.


LaTeX Font Warning: Font shape `OT1/cmss/m/n' in size <15> not available
(Font)              size <14.4> substituted on input line 146.


LaTeX Font Warning: Font shape `OT1/cmtt/m/n' in size <15> not available
(Font)              size <14.4> substituted on input line 146.

LaTeX Font Info:    Font shape `OT1/ptm/bx/n' in size <15> not available
(Font)              Font shape `OT1/ptm/b/n' tried instead on input line 146.
LaTeX Font Info:    Font shape `OT1/ptm/bx/n' in size <11.10008> not available
(Font)              Font shape `OT1/ptm/b/n' tried instead on input line 146.
LaTeX Font Info:    Font shape `OT1/ptm/bx/n' in size <9.00009> not available
(Font)              Font shape `OT1/ptm/b/n' tried instead on input line 146.
LaTeX Font Info:    Font shape `OT1/ptm/bx/n' in size <10> not available
(Font)              Font shape `OT1/ptm/b/n' tried instead on input line 146.
LaTeX Font Info:    Font shape `OT1/ptm/bx/n' in size <7.4> not available
(Font)              Font shape `OT1/ptm/b/n' tried instead on input line 146.
LaTeX Font Info:    Font shape `OT1/ptm/bx/n' in size <6> not available
(Font)              Font shape `OT1/ptm/b/n' tried instead on input line 146.
LaTeX Font Info:    Font shape `T1/phv/m/it' in size <10> not available
(Font)              Font shape `T1/phv/m/sl' tried instead on input line 146.
<head_foot/dates.pdf, id=60, 79.13565pt x 64.19984pt>
File: head_foot/dates.pdf Graphic file (type pdf)
<use head_foot/dates.pdf>
Package pdftex.def Info: head_foot/dates.pdf  used on input line 146.
(pdftex.def)             Requested size: 79.13544pt x 64.19968pt.
LaTeX Font Info:    Font shape `T1/phv/m/it' in size <9> not available
(Font)              Font shape `T1/phv/m/sl' tried instead on input line 146.

Overfull \hbox (7.21284pt too wide) in paragraph at lines 146--146
[][] 
 []


Package hyperref Warning: Ignoring empty anchor on input line 158.


Package hyperref Warning: Ignoring empty anchor on input line 159.


Package hyperref Warning: Ignoring empty anchor on input line 166.

LaTeX Font Info:    Trying to load font information for OMS+bch on input line 1
66.
(/usr/share/texmf-dist/tex/latex/psnfss/omsbch.fd
File: omsbch.fd 
)
LaTeX Font Info:    Font shape `OMS/bch/m/n' in size <7> not available
(Font)              Font shape `OMS/cmsy/m/n' tried instead on input line 166.


Package hyperref Warning: Ignoring empty anchor on input line 175.

LaTeX Font Info:    Trying to load font information for T1+pcr on input line 17
5.
(/usr/share/texmf-dist/tex/latex/psnfss/t1pcr.fd
File: t1pcr.fd 2001/06/04 font definitions for T1/pcr.
)
<head_foot/journal_name.pdf, id=61, 227.6505pt x 45.2892pt>
File: head_foot/journal_name.pdf Graphic file (type pdf)
<use head_foot/journal_name.pdf>
Package pdftex.def Info: head_foot/journal_name.pdf  used on input line 181.
(pdftex.def)             Requested size: 150.79515pt x 30.0pt.
<head_foot/header_bar.pdf, id=62, 512.1534pt x 36.135pt>
File: head_foot/header_bar.pdf Graphic file (type pdf)
<use head_foot/header_bar.pdf>
Package pdftex.def Info: head_foot/header_bar.pdf  used on input line 181.
(pdftex.def)             Requested size: 526.37598pt x 37.14003pt.


pdfTeX warning: pdflatex (file ./head_foot/RSC_LOGO_CMYK.pdf): PDF inclusion: f
ound PDF version <1.6>, but at most version <1.5> allowed
<head_foot/RSC_LOGO_CMYK.pdf, id=63, 275.0506pt x 183.22552pt>
File: head_foot/RSC_LOGO_CMYK.pdf Graphic file (type pdf)
<use head_foot/RSC_LOGO_CMYK.pdf>
Package pdftex.def Info: head_foot/RSC_LOGO_CMYK.pdf  used on input line 181.
(pdftex.def)             Requested size: 82.56197pt x 55.0pt.

Package Fancyhdr Warning: \headheight is too small (12.0pt): 
Make it at least 110.56966pt.
We now make it that large for the rest of the document.
This may cause the page layout to be inconsistent, however.



pdfTeX warning: pdflatex (file ./head_foot/LF.pdf): PDF inclusion: found PDF ve
rsion <1.6>, but at most version <1.5> allowed
<head_foot/LF.pdf, id=64, 154.53032pt x 8.28976pt>
File: head_foot/LF.pdf Graphic file (type pdf)
<use head_foot/LF.pdf>
Package pdftex.def Info: head_foot/LF.pdf  used on input line 181.
(pdftex.def)             Requested size: 167.78156pt x 9.0pt.
<head_foot/RF.pdf, id=65, 90.45795pt x 7.4679pt>
File: head_foot/RF.pdf Graphic file (type pdf)
<use head_foot/RF.pdf>
Package pdftex.def Info: head_foot/RF.pdf  used on input line 181.
(pdftex.def)             Requested size: 90.4577pt x 7.46786pt.
[1{/var/lib/texmf/fonts/map/pdftex/updmap/pdftex.map}



 <./head_foot/journal_name.pdf> <./head_foot/header_bar.pdf> <./head_foot/RSC_L
OGO_CMYK.pdf> <./head_foot/DOI.pdf> <./head_foot/dates.pdf> <./head_foot/LF.pdf
> <./head_foot/RF.pdf>]
Package hyperref Info: bookmark level for unknown todo defaults to 0 on input l
ine 195.

Underfull \hbox (badness 10000) in paragraph at lines 187--196

 []


Underfull \hbox (badness 10000) in paragraph at lines 197--216

 []


LaTeX Warning: Marginpar on page 2 moved.


LaTeX Warning: Marginpar on page 2 moved.


LaTeX Warning: Marginpar on page 2 moved.


Underfull \hbox (badness 10000) in paragraph at lines 217--223

 []


LaTeX Warning: Marginpar on page 2 moved.


Underfull \hbox (badness 10000) in paragraph at lines 224--232

 []


LaTeX Warning: Marginpar on page 2 moved.


LaTeX Warning: Marginpar on page 2 moved.


LaTeX Warning: Marginpar on page 2 moved.


LaTeX Warning: Marginpar on page 2 moved.


LaTeX Warning: Marginpar on page 2 moved.

File: head_foot/LF.pdf Graphic file (type pdf)
<use head_foot/LF.pdf>
Package pdftex.def Info: head_foot/LF.pdf  used on input line 262.
(pdftex.def)             Requested size: 167.78156pt x 9.0pt.
File: head_foot/RF.pdf Graphic file (type pdf)
<use head_foot/RF.pdf>
Package pdftex.def Info: head_foot/RF.pdf  used on input line 262.
(pdftex.def)             Requested size: 90.4577pt x 7.46786pt.
[2

]
Underfull \hbox (badness 10000) in paragraph at lines 265--273

 []

<Figures/splitting_v_phospholipid.pdf, id=172, 433.62pt x 289.08pt>
File: Figures/splitting_v_phospholipid.pdf Graphic file (type pdf)
<use Figures/splitting_v_phospholipid.pdf>
Package pdftex.def Info: Figures/splitting_v_phospholipid.pdf  used on input li
ne 276.
(pdftex.def)             Requested size: 528.93675pt x 352.66824pt.
LaTeX Font Info:    Font shape `OT1/ptm/bx/n' in size <8> not available
(Font)              Font shape `OT1/ptm/b/n' tried instead on input line 278.
File: head_foot/LF.pdf Graphic file (type pdf)
<use head_foot/LF.pdf>
Package pdftex.def Info: head_foot/LF.pdf  used on input line 303.
(pdftex.def)             Requested size: 167.78156pt x 9.0pt.
File: head_foot/RF.pdf Graphic file (type pdf)
<use head_foot/RF.pdf>
Package pdftex.def Info: head_foot/RF.pdf  used on input line 303.
(pdftex.def)             Requested size: 90.4577pt x 7.46786pt.
[3 <./Figures/splitting_v_phospholipid.pdf>]
<Figures/nematic_v_semisolid.pdf, id=226, 433.62pt x 289.08pt>
File: Figures/nematic_v_semisolid.pdf Graphic file (type pdf)
<use Figures/nematic_v_semisolid.pdf>
Package pdftex.def Info: Figures/nematic_v_semisolid.pdf  used on input line 30
6.
(pdftex.def)             Requested size: 528.93675pt x 352.66824pt.
<Figures/phase_diag.pdf, id=229, 433.62pt x 289.08pt>
File: Figures/phase_diag.pdf Graphic file (type pdf)
<use Figures/phase_diag.pdf>
Package pdftex.def Info: Figures/phase_diag.pdf  used on input line 321.
(pdftex.def)             Requested size: 528.93675pt x 352.66824pt.
File: head_foot/LF.pdf Graphic file (type pdf)
<use head_foot/LF.pdf>
Package pdftex.def Info: head_foot/LF.pdf  used on input line 325.
(pdftex.def)             Requested size: 167.78156pt x 9.0pt.
File: head_foot/RF.pdf Graphic file (type pdf)
<use head_foot/RF.pdf>
Package pdftex.def Info: head_foot/RF.pdf  used on input line 325.
(pdftex.def)             Requested size: 90.4577pt x 7.46786pt.
 [4 <./Figures/nematic_v_semisolid.pdf>]
LaTeX Font Info:    Font shape `OMS/bch/m/n' in size <9> not available
(Font)              Font shape `OMS/cmsy/m/n' tried instead on input line 354.
File: head_foot/LF.pdf Graphic file (type pdf)
<use head_foot/LF.pdf>
Package pdftex.def Info: head_foot/LF.pdf  used on input line 359.
(pdftex.def)             Requested size: 167.78156pt x 9.0pt.
File: head_foot/RF.pdf Graphic file (type pdf)
<use head_foot/RF.pdf>
Package pdftex.def Info: head_foot/RF.pdf  used on input line 359.
(pdftex.def)             Requested size: 90.4577pt x 7.46786pt.
 [5 <./Figures/phase_diag.pdf>]
Underfull \hbox (badness 10000) in paragraph at lines 364--382

 []


LaTeX Warning: Marginpar on page 6 moved.

<Figures/calibration.pdf, id=334, 433.62pt x 289.08pt>
File: Figures/calibration.pdf Graphic file (type pdf)
<use Figures/calibration.pdf>
Package pdftex.def Info: Figures/calibration.pdf  used on input line 402.
(pdftex.def)             Requested size: 528.93675pt x 352.66824pt.

LaTeX Warning: `h' float specifier changed to `ht'.



pdfTeX warning: pdflatex (file ./example1.pdf): PDF inclusion: found PDF versio
n <1.6>, but at most version <1.5> allowed
<example1.pdf, id=336, 148.555pt x 194.7275pt>
File: example1.pdf Graphic file (type pdf)
<use example1.pdf>
Package pdftex.def Info: example1.pdf  used on input line 423.
(pdftex.def)             Requested size: 65.11731pt x 85.35826pt.

LaTeX Warning: `h' float specifier changed to `ht'.

File: example1.pdf Graphic file (type pdf)
<use example1.pdf>
Package pdftex.def Info: example1.pdf  used on input line 445.
(pdftex.def)             Requested size: 65.11731pt x 85.35826pt.
File: head_foot/LF.pdf Graphic file (type pdf)
<use head_foot/LF.pdf>
Package pdftex.def Info: head_foot/LF.pdf  used on input line 449.
(pdftex.def)             Requested size: 167.78156pt x 9.0pt.
File: head_foot/RF.pdf Graphic file (type pdf)
<use head_foot/RF.pdf>
Package pdftex.def Info: head_foot/RF.pdf  used on input line 449.
(pdftex.def)             Requested size: 90.4577pt x 7.46786pt.
[6]

LaTeX Warning: `h' float specifier changed to `ht'.

File: example1.pdf Graphic file (type pdf)
<use example1.pdf>
Package pdftex.def Info: example1.pdf  used on input line 474.
(pdftex.def)             Requested size: 65.11731pt x 85.35826pt.

LaTeX Warning: `h' float specifier changed to `ht'.

File: example1.pdf Graphic file (type pdf)
<use example1.pdf>
Package pdftex.def Info: example1.pdf  used on input line 488.
(pdftex.def)             Requested size: 65.11731pt x 85.35826pt.

LaTeX Warning: `h' float specifier changed to `ht'.


Overfull \vbox (2.97168pt too high) has occurred while \output is active []

File: head_foot/LF.pdf Graphic file (type pdf)
<use head_foot/LF.pdf>
Package pdftex.def Info: head_foot/LF.pdf  used on input line 498.
(pdftex.def)             Requested size: 167.78156pt x 9.0pt.
File: head_foot/RF.pdf Graphic file (type pdf)
<use head_foot/RF.pdf>
Package pdftex.def Info: head_foot/RF.pdf  used on input line 498.
(pdftex.def)             Requested size: 90.4577pt x 7.46786pt.

[7 <./Figures/calibration.pdf>] (./rsc-articletemplate.bbl)

AED: lastpage setting LastPage
File: head_foot/LF.pdf Graphic file (type pdf)
<use head_foot/LF.pdf>
Package pdftex.def Info: head_foot/LF.pdf  used on input line 526.
(pdftex.def)             Requested size: 167.78156pt x 9.0pt.
File: head_foot/RF.pdf Graphic file (type pdf)
<use head_foot/RF.pdf>
Package pdftex.def Info: head_foot/RF.pdf  used on input line 526.
(pdftex.def)             Requested size: 90.4577pt x 7.46786pt.
[8 <./example1.pdf>]
File: head_foot/LF.pdf Graphic file (type pdf)
<use head_foot/LF.pdf>
Package pdftex.def Info: head_foot/LF.pdf  used on input line 526.
(pdftex.def)             Requested size: 167.78156pt x 9.0pt.
File: head_foot/RF.pdf Graphic file (type pdf)
<use head_foot/RF.pdf>
Package pdftex.def Info: head_foot/RF.pdf  used on input line 526.
(pdftex.def)             Requested size: 90.4577pt x 7.46786pt.
 [9]
Package atveryend Info: Empty hook `BeforeClearDocument' on input line 526.
Package atveryend Info: Empty hook `AfterLastShipout' on input line 526.
 (./rsc-articletemplate.aux)
Package atveryend Info: Executing hook `AtVeryEndDocument' on input line 526.
Package atveryend Info: Executing hook `AtEndAfterFileList' on input line 526.
Package rerunfilecheck Info: File `rsc-articletemplate.out' has not changed.
(rerunfilecheck)             Checksum: 6F2DEE91FA38CF13BB2E34E7AAF4A5A8;428.


LaTeX Font Warning: Size substitutions with differences
(Font)              up to 0.6pt have occurred.

Package atveryend Info: Empty hook `AtVeryVeryEnd' on input line 526.
 ) 
Here is how much of TeX's memory you used:
 34069 strings out of 492167
 664973 string characters out of 6131557
 781372 words of memory out of 5000000
 37838 multiletter control sequences out of 15000+600000
 647292 words of font info for 185 fonts, out of 8000000 for 9000
 1141 hyphenation exceptions out of 8191
 68i,17n,83p,436b,1000s stack positions out of 5000i,500n,10000p,200000b,80000s
{/usr/share/texmf-dist/fonts/enc/dvips/base/8r.enc}</usr/share/texmf-dist/fon
ts/type1/bitstrea/charter/bchb8a.pfb></usr/share/texmf-dist/fonts/type1/bitstre
a/charter/bchr8a.pfb></usr/share/texmf-dist/fonts/type1/bitstrea/charter/bchri8
a.pfb></usr/share/texmf-dist/fonts/type1/public/amsfonts/cm/cmmi10.pfb></usr/sh
are/texmf-dist/fonts/type1/public/amsfonts/cm/cmr10.pfb></usr/share/texmf-dist/
fonts/type1/public/amsfonts/cm/cmsy10.pfb></usr/share/texmf-dist/fonts/type1/pu
blic/amsfonts/cm/cmsy7.pfb></usr/share/texmf-dist/fonts/type1/public/amsfonts/c
m/cmsy9.pfb></usr/share/texmf-dist/fonts/type1/urw/courier/ucrr8a.pfb></usr/sha
re/texmf-dist/fonts/type1/urw/helvetic/uhvb8a.pfb></usr/share/texmf-dist/fonts/
type1/urw/helvetic/uhvr8a.pfb></usr/share/texmf-dist/fonts/type1/urw/helvetic/u
hvro8a.pfb></usr/share/texmf-dist/fonts/type1/urw/symbol/usyr.pfb></usr/share/t
exmf-dist/fonts/type1/urw/symbol/usyr.pfb></usr/share/texmf-dist/fonts/type1/ur
w/times/utmr8a.pfb></usr/share/texmf-dist/fonts/type1/urw/times/utmri8a.pfb>
Output written on rsc-articletemplate.pdf (9 pages, 1017870 bytes).
PDF statistics:
 513 PDF objects out of 1000 (max. 8388607)
 259 compressed objects within 3 object streams
 56 named destinations out of 1000 (max. 500000)
 225 words of extra memory for PDF output out of 10000 (max. 10000000)

